<?xml version="1.0" encoding="UTF-8"?>
<testng-results skipped="0" failed="0" ignored="0" total="1" passed="1">
  <reporter-output>
  </reporter-output>
  <suite name="Default suite" duration-ms="712693" started-at="2020-07-01T16:48:11 WIB" finished-at="2020-07-01T17:00:03 WIB">
    <groups>
    </groups>
    <test name="Default test" duration-ms="712693" started-at="2020-07-01T16:48:11 WIB" finished-at="2020-07-01T17:00:03 WIB">
      <class name="Tutorial.R_Checkout">
        <test-method status="PASS" signature="CheckoutSKU()[pri:0, instance:Tutorial.R_Checkout@3043fe0e]" name="CheckoutSKU" duration-ms="712628" started-at="2020-07-01T16:48:11 WIB" finished-at="2020-07-01T17:00:03 WIB">
          <reporter-output>
          </reporter-output>
        </test-method> <!-- CheckoutSKU -->
      </class> <!-- Tutorial.R_Checkout -->
    </test> <!-- Default test -->
  </suite> <!-- Default suite -->
</testng-results>
